This is pdfTeX, Version 3.1415926-2.5-1.40.14 (TeX Live 2013/Debian) (format=pdflatex 2019.2.19)  22 JAN 2020 20:46
entering extended mode
 restricted \write18 enabled.
 %&-line parsing enabled.
**files.tex
(./files.tex
LaTeX2e <2011/06/27>
Babel <3.9h> and hyphenation patterns for 4 languages loaded.
! Undefined control sequence.
l.1 \section
            {File List}
? 
! Interruption.
<to be read again> 
                   {
l.1 \section{
             File List}
? X
 
Here is how much of TeX's memory you used:
 5 strings out of 494985
 125 string characters out of 6180356
 46094 words of memory out of 5000000
 3322 multiletter control sequences out of 15000+600000
 3640 words of font info for 14 fonts, out of 8000000 for 9000
 36 hyphenation exceptions out of 8191
 5i,0n,1p,33b,8s stack positions out of 5000i,500n,10000p,200000b,80000s
No pages of output.
PDF statistics:
 0 PDF objects out of 1000 (max. 8388607)
 0 named destinations out of 1000 (max. 500000)
 1 words of extra memory for PDF output out of 10000 (max. 10000000)

